<?xml version="1.0" encoding="UTF-8"?>
<TestRun id="ef2c283a-b33c-4d74-92d3-64d1ec8a880b" name="jfernandezt@JOSE-VAIO 2014-10-08 13:34:15" runUser="Jose-VAIO\jfernandezt" xmlns="http://microsoft.com/schemas/VisualStudio/TeamTest/2010">
  <TestSettings name="Local" id="a02889c2-6b52-44bd-a167-3757354a0e9e">
    <Description>These are default test settings for a local test run.</Description>
    <Deployment enabled="false" runDeploymentRoot="jfernandezt_JOSE-VAIO 2014-10-08 13_34_15">
      <DeploymentItem filename="C:\Users\jfernandezt\Desktop\APP TEMPORAL\APP_RANSA_NET_COLAS\PY_RANSA_NET_MSG\PY_RANSA_NET_EN\bin\Release\PY_RANSA_NET_EN.dll" />
    </Deployment>
    <Execution>
      <TestTypeSpecific />
      <AgentRule name="Execution Agents">
      </AgentRule>
    </Execution>
  </TestSettings>
  <Times creation="2014-10-08T13:34:15.1261685-05:00" queuing="2014-10-08T13:34:15.7152022-05:00" start="2014-10-08T13:34:15.8042073-05:00" finish="2014-10-08T13:34:16.5442496-05:00" />
  <ResultSummary outcome="Failed">
    <Counters total="2" executed="2" error="0" failed="2" timeout="0" aborted="0" inconclusive="0" passedButRunAborted="0" notRunnable="0" notExecuted="0" disconnected="0" warning="0" passed="0" completed="0" inProgress="0" pending="0" />
  </ResultSummary>
  <TestDefinitions>
    <UnitTest name="RegistrarPedidoMovimiento" storage="c:\users\jfernandezt\desktop\app temporal\app_ransa_net_colas\py_ransa_net_msg\py_ransa_net_ts\bin\release\py_ransa_net_ts.dll" id="cd523e66-69fd-b81d-4747-76ad3e8197b0">
      <Execution id="c718b1ae-257b-4743-9fe0-581178eecf4b" />
      <TestMethod codeBase="C:/Users/jfernandezt/Desktop/APP TEMPORAL/APP_RANSA_NET_COLAS/PY_RANSA_NET_MSG/PY_RANSA_NET_TS/bin/Release/PY_RANSA_NET_TS.DLL" adapterTypeName="Microsoft.VisualStudio.TestTools.TestTypes.Unit.UnitTestAdapter, Microsoft.VisualStudio.QualityTools.Tips.UnitTest.Adapter, Version=10.0.0.0, Culture=neutral, PublicKeyToken=b03f5f7f11d50a3a" className="PY_RANSA_NET_TS.Cls_PedidoTS, PY_RANSA_NET_TS, Version=1.0.0.0, Culture=neutral, PublicKeyToken=null" name="RegistrarPedidoMovimiento" />
    </UnitTest>
    <UnitTest name="ConsultaPedidoMovimiento" storage="c:\users\jfernandezt\desktop\app temporal\app_ransa_net_colas\py_ransa_net_msg\py_ransa_net_ts\bin\release\py_ransa_net_ts.dll" id="c18a5b4f-0de8-f588-f66f-1ed2055df807">
      <Execution id="658ba288-a295-4263-838d-33f761669d6e" />
      <TestMethod codeBase="C:/Users/jfernandezt/Desktop/APP TEMPORAL/APP_RANSA_NET_COLAS/PY_RANSA_NET_MSG/PY_RANSA_NET_TS/bin/Release/PY_RANSA_NET_TS.DLL" adapterTypeName="Microsoft.VisualStudio.TestTools.TestTypes.Unit.UnitTestAdapter, Microsoft.VisualStudio.QualityTools.Tips.UnitTest.Adapter, Version=10.0.0.0, Culture=neutral, PublicKeyToken=b03f5f7f11d50a3a" className="PY_RANSA_NET_TS.Cls_PedidoTS, PY_RANSA_NET_TS, Version=1.0.0.0, Culture=neutral, PublicKeyToken=null" name="ConsultaPedidoMovimiento" />
    </UnitTest>
  </TestDefinitions>
  <TestLists>
    <TestList name="Results Not in a List" id="8c84fa94-04c1-424b-9868-57a2d4851a1d" />
    <TestList name="All Loaded Results" id="19431567-8539-422a-85d7-44ee4e166bda" />
  </TestLists>
  <TestEntries>
    <TestEntry testId="c18a5b4f-0de8-f588-f66f-1ed2055df807" executionId="658ba288-a295-4263-838d-33f761669d6e" testListId="8c84fa94-04c1-424b-9868-57a2d4851a1d" />
    <TestEntry testId="cd523e66-69fd-b81d-4747-76ad3e8197b0" executionId="c718b1ae-257b-4743-9fe0-581178eecf4b" testListId="8c84fa94-04c1-424b-9868-57a2d4851a1d" />
  </TestEntries>
  <Results>
    <UnitTestResult executionId="658ba288-a295-4263-838d-33f761669d6e" testId="c18a5b4f-0de8-f588-f66f-1ed2055df807" testName="ConsultaPedidoMovimiento" computerName="JOSE-VAIO" duration="00:00:00.3460022" startTime="2014-10-08T13:34:15.8202082-05:00" endTime="2014-10-08T13:34:16.4442439-05:00" testType="13cdc9d9-ddb5-4fa4-a97d-d965ccfc6d4b" outcome="Failed" testListId="8c84fa94-04c1-424b-9868-57a2d4851a1d" relativeResultsDirectory="658ba288-a295-4263-838d-33f761669d6e">
      <Output>
        <ErrorInfo>
          <Message>Test method PY_RANSA_NET_TS.Cls_PedidoTS.ConsultaPedidoMovimiento threw exception: 
System.Net.WebException: Error en el servidor remoto: (400) Solicitud incorrecta.</Message>
          <StackTrace>    en System.Net.HttpWebRequest.GetResponse()
   en PY_RANSA_NET_TS.Cls_PedidoTS.ConsultaPedidoMovimiento() en C:\Users\jfernandezt\Desktop\APP TEMPORAL\APP_RANSA_NET_COLAS\PY_RANSA_NET_MSG\PY_RANSA_NET_TS\Cls_PedidoTS.cs:línea 66
</StackTrace>
        </ErrorInfo>
      </Output>
    </UnitTestResult>
    <UnitTestResult executionId="c718b1ae-257b-4743-9fe0-581178eecf4b" testId="cd523e66-69fd-b81d-4747-76ad3e8197b0" testName="RegistrarPedidoMovimiento" computerName="JOSE-VAIO" duration="00:00:00.0081465" startTime="2014-10-08T13:34:16.4492442-05:00" endTime="2014-10-08T13:34:16.4692453-05:00" testType="13cdc9d9-ddb5-4fa4-a97d-d965ccfc6d4b" outcome="Failed" testListId="8c84fa94-04c1-424b-9868-57a2d4851a1d" relativeResultsDirectory="c718b1ae-257b-4743-9fe0-581178eecf4b">
      <Output>
        <ErrorInfo>
          <Message>Test method PY_RANSA_NET_TS.Cls_PedidoTS.RegistrarPedidoMovimiento threw exception: 
System.Net.WebException: Error en el servidor remoto: (415) Unsupported Media Type.</Message>
          <StackTrace>    en System.Net.HttpWebRequest.GetResponse()
   en PY_RANSA_NET_TS.Cls_PedidoTS.RegistrarPedidoMovimiento() en C:\Users\jfernandezt\Desktop\APP TEMPORAL\APP_RANSA_NET_COLAS\PY_RANSA_NET_MSG\PY_RANSA_NET_TS\Cls_PedidoTS.cs:línea 53
</StackTrace>
        </ErrorInfo>
      </Output>
    </UnitTestResult>
  </Results>
</TestRun>